<?xml version="1.0" encoding="UTF-8"?>
<!-- Generated by org.testng.reporters.JUnitXMLReporter -->
<testsuite hostname="HP-New" ignored="0" name="Practice Tests" tests="5" failures="0" timestamp="2020-05-27T20:06:44 IST" time="24.107" errors="0">
  <testcase name="addBook" time="6.225" classname="simulateDynamicLibrary.simulateDynamicAddBook"/>
  <testcase name="addBook" time="15.4" classname="simulateDynamicLibrary.simulateDynamicAddBook"/>
  <testcase name="addBook" time="0.413" classname="simulateDynamicLibrary.simulateDynamicAddBook"/>
  <testcase name="addBook" time="0.447" classname="simulateDynamicLibrary.simulateDynamicAddBook"/>
  <testcase name="addBook" time="0.462" classname="simulateDynamicLibrary.simulateDynamicAddBook"/>
</testsuite> <!-- Practice Tests -->
